\BOOKMARK [1][-]{section.1}{\376\377\000I\000n\000t\000r\000o\000d\000u\000c\000t\000i\000o\000n}{}% 1
\BOOKMARK [1][-]{section.2}{\376\377\000F\000u\000n\000d\000a\000m\000e\000n\000t\000a\000l\000s}{}% 2
\BOOKMARK [2][-]{subsection.2.1}{\376\377\000S\000p\000a\000t\000i\000a\000l\000\040\000d\000i\000s\000t\000r\000i\000b\000u\000t\000i\000o\000n\000\040\000a\000n\000d\000\040\000t\000o\000t\000a\000l\000\040\000n\000u\000m\000b\000e\000r\000\040\000o\000f\000\040\000e\000q\000u\000i\000v\000a\000l\000e\000n\000t\000\040\000s\000o\000u\000r\000c\000e\000s}{section.2}% 3
\BOOKMARK [2][-]{subsection.2.2}{\376\377\000M\000a\000t\000r\000i\000x\000\040\000G}{section.2}% 4
\BOOKMARK [2][-]{subsection.2.3}{\376\377\000G\000e\000n\000e\000r\000a\000l\000\040\000f\000o\000r\000m\000u\000l\000a\000t\000i\000o\000n}{section.2}% 5
\BOOKMARK [3][-]{subsubsection.2.3.1}{\376\377\000C\000l\000a\000s\000s\000i\000c\000a\000l\000\040\000a\000p\000p\000r\000o\000a\000c\000h}{subsection.2.3}% 6
\BOOKMARK [1][-]{section.3}{\376\377\000N\000o\000t\000a\000t\000i\000o\000n\000\040\000f\000o\000r\000\040\000s\000u\000b\000v\000e\000c\000t\000o\000r\000s\000\040\000a\000n\000d\000\040\000s\000u\000b\000m\000a\000t\000r\000i\000c\000e\000s}{}% 7
\BOOKMARK [1][-]{section.4}{\376\377\000C\000o\000m\000p\000u\000t\000a\000t\000i\000o\000n\000a\000l\000\040\000s\000t\000r\000a\000t\000e\000g\000i\000e\000s}{}% 8
\BOOKMARK [2][-]{subsection.4.1}{\376\377\000M\000o\000v\000i\000n\000g\000\040\000w\000i\000n\000d\000o\000w}{section.4}% 9
\BOOKMARK [2][-]{subsection.4.2}{\376\377\000C\000o\000l\000u\000m\000n\000-\000a\000c\000t\000i\000o\000n\000\040\000u\000p\000d\000a\000t\000e}{section.4}% 10
\BOOKMARK [2][-]{subsection.4.3}{\376\377\000R\000o\000w\000-\000a\000c\000t\000i\000o\000n\000\040\000u\000p\000d\000a\000t\000e}{section.4}% 11
\BOOKMARK [2][-]{subsection.4.4}{\376\377\000R\000e\000p\000a\000r\000a\000m\000e\000t\000e\000r\000i\000z\000a\000t\000i\000o\000n}{section.4}% 12
\BOOKMARK [2][-]{subsection.4.5}{\376\377\000W\000a\000v\000e\000l\000e\000t\000\040\000c\000o\000m\000p\000r\000e\000s\000s\000i\000o\000n}{section.4}% 13
\BOOKMARK [2][-]{subsection.4.6}{\376\377\000I\000t\000e\000r\000a\000t\000i\000v\000e\000\040\000m\000e\000t\000h\000o\000d\000s\000\040\000u\000s\000i\000n\000g\000\040\000t\000h\000e\000\040\000f\000u\000l\000l\000\040\000m\000a\000t\000r\000i\000x\000\040\000G}{section.4}% 14
\BOOKMARK [2][-]{subsection.4.7}{\376\377\000D\000i\000s\000c\000r\000e\000t\000e\000\040\000c\000o\000n\000v\000o\000l\000u\000t\000i\000o\000n}{section.4}% 15
\BOOKMARK [1][-]{section.5}{\376\377\000S\000o\000l\000u\000t\000i\000o\000n\000\040\000s\000t\000a\000b\000i\000l\000i\000t\000y}{}% 16
\BOOKMARK [1][-]{section.6}{\376\377\000T\000h\000e\000\040\000E\000q\000u\000i\000v\000a\000l\000e\000n\000t\000-\000L\000a\000y\000e\000r\000\040\000T\000e\000c\000h\000n\000i\000q\000u\000e}{}% 17
\BOOKMARK [2][-]{subsection.6.1}{\376\377\000F\000u\000n\000d\000a\000m\000e\000n\000t\000a\000l\000s}{section.6}% 18
\BOOKMARK [2][-]{subsection.6.2}{\376\377\000C\000o\000m\000p\000u\000t\000a\000t\000i\000o\000n\000a\000l\000\040\000s\000t\000r\000a\000t\000e\000g\000i\000e\000s}{section.6}% 19
\BOOKMARK [3][-]{subsubsection.6.2.1}{\376\377\000T\000h\000e\000\040\000m\000o\000v\000i\000n\000g\000\040\000d\000a\000t\000a\000-\000w\000i\000n\000d\000o\000w\000\040\000s\000c\000h\000e\000m\000e}{subsection.6.2}% 20
\BOOKMARK [3][-]{subsubsection.6.2.2}{\376\377\000T\000h\000e\000\040\000e\000q\000u\000i\000v\000a\000l\000e\000n\000t\000-\000d\000a\000t\000a\000\040\000c\000o\000n\000c\000e\000p\000t}{subsection.6.2}% 21
\BOOKMARK [3][-]{subsubsection.6.2.3}{\376\377\000T\000h\000e\000\040\000w\000a\000v\000e\000l\000e\000t\000\040\000c\000o\000m\000p\000r\000e\000s\000s\000i\000o\000n\000\040\000a\000n\000d\000\040\000l\000o\000w\000e\000r\000-\000d\000i\000m\000e\000n\000s\000i\000o\000n\000a\000l\000\040\000s\000u\000b\000s\000p\000a\000c\000e}{subsection.6.2}% 22
\BOOKMARK [3][-]{subsubsection.6.2.4}{\376\377\000T\000h\000e\000\040\000q\000u\000a\000d\000t\000r\000e\000e\000\040\000d\000i\000s\000c\000r\000e\000t\000i\000z\000a\000t\000i\000o\000n}{subsection.6.2}% 23
\BOOKMARK [3][-]{subsubsection.6.2.5}{\376\377\000T\000h\000e\000\040\000r\000e\000p\000a\000r\000a\000m\000e\000t\000r\000i\000z\000a\000t\000i\000o\000n\000\040\000o\000f\000\040\000t\000h\000e\000\040\000e\000q\000u\000i\000v\000a\000l\000e\000n\000t\000\040\000l\000a\000y\000e\000r}{subsection.6.2}% 24
\BOOKMARK [3][-]{subsubsection.6.2.6}{\376\377\000T\000h\000e\000\040\000i\000t\000e\000r\000a\000t\000i\000v\000e\000\040\000s\000c\000h\000e\000m\000e\000\040\000w\000i\000t\000h\000o\000u\000t\000\040\000s\000o\000l\000v\000i\000n\000g\000\040\000a\000\040\000l\000i\000n\000e\000a\000r\000\040\000s\000y\000s\000t\000e\000m}{subsection.6.2}% 25
\BOOKMARK [3][-]{subsubsection.6.2.7}{\376\377\000T\000h\000e\000\040\000c\000o\000n\000v\000o\000l\000u\000t\000i\000o\000n\000a\000l\000\040\000e\000q\000u\000i\000v\000a\000l\000e\000n\000t\000\040\000l\000a\000y\000e\000r\000\040\000w\000i\000t\000h\000\040\000B\000T\000T\000B\000\040\000m\000a\000t\000r\000i\000c\000e\000s}{subsection.6.2}% 26
\BOOKMARK [3][-]{subsubsection.6.2.8}{\376\377\000T\000h\000e\000\040\000d\000e\000c\000o\000n\000v\000o\000l\000u\000t\000i\000o\000n\000a\000l\000\040\000e\000q\000u\000i\000v\000a\000l\000e\000n\000t\000\040\000l\000a\000y\000e\000r\000\040\000w\000i\000t\000h\000\040\000B\000T\000T\000B\000\040\000m\000a\000t\000r\000i\000c\000e\000s}{subsection.6.2}% 27
\BOOKMARK [2][-]{subsection.6.3}{\376\377\000S\000o\000l\000u\000t\000i\000o\000n\000\040\000s\000t\000a\000b\000i\000l\000i\000t\000y}{section.6}% 28
\BOOKMARK [1][-]{section.7}{\376\377\000N\000u\000m\000e\000r\000i\000c\000a\000l\000\040\000s\000i\000m\000u\000l\000a\000t\000i\000o\000n\000s}{}% 29
\BOOKMARK [2][-]{subsection.7.1}{\376\377\000F\000l\000o\000a\000t\000i\000n\000g\000-\000p\000o\000i\000n\000t\000\040\000o\000p\000e\000r\000a\000t\000i\000o\000n\000s\000\040\000c\000a\000l\000c\000u\000l\000a\000t\000i\000o\000n}{section.7}% 30
\BOOKMARK [3][-]{subsubsection.7.1.1}{\376\377\000N\000o\000r\000m\000a\000l\000\040\000e\000q\000u\000a\000t\000i\000o\000n\000s\000\040\000u\000s\000i\000n\000g\000\040\000C\000h\000o\000l\000e\000s\000k\000y\000\040\000d\000e\000c\000o\000m\000p\000o\000s\000i\000t\000i\000o\000n}{subsection.7.1}% 31
\BOOKMARK [3][-]{subsubsection.7.1.2}{\376\377\000W\000i\000n\000d\000o\000w\000\040\000m\000e\000t\000h\000o\000d\000\040\000l\000e\000a\000o\000-\000s\000i\000l\000v\000a\0001\0009\0008\0009}{subsection.7.1}% 32
\BOOKMARK [3][-]{subsubsection.7.1.3}{\376\377\000P\000E\000L\000\040\000m\000e\000t\000h\000o\000d\000\040\000o\000l\000i\000v\000e\000i\000r\000a\000j\000r\000-\000e\000t\000a\000l\0002\0000\0001\0003}{subsection.7.1}% 33
\BOOKMARK [3][-]{subsubsection.7.1.4}{\376\377\000C\000o\000n\000j\000u\000g\000a\000t\000e\000\040\000g\000r\000a\000d\000i\000e\000n\000t\000\040\000l\000e\000a\000s\000t\000\040\000s\000q\000u\000a\000r\000e\000\040\000\050\000C\000G\000L\000S\000\051}{subsection.7.1}% 34
\BOOKMARK [3][-]{subsubsection.7.1.5}{\376\377\000W\000a\000v\000e\000l\000e\000t\000\040\000c\000o\000m\000p\000r\000e\000s\000s\000i\000o\000n\000\040\000m\000e\000t\000h\000o\000d\000\040\000w\000i\000t\000h\000\040\000C\000G\000L\000S\000\040\000l\000i\000-\000o\000l\000d\000e\000n\000b\000u\000r\000g\0002\0000\0001\0000}{subsection.7.1}% 35
\BOOKMARK [3][-]{subsubsection.7.1.6}{\376\377\000F\000a\000s\000t\000\040\000e\000q\000u\000i\000v\000a\000l\000e\000n\000t\000\040\000l\000a\000y\000e\000r\000\040\000f\000o\000r\000\040\000g\000r\000a\000v\000i\000t\000y\000\040\000d\000a\000t\000a\000\040\000s\000i\000q\000u\000e\000i\000r\000a\000-\000e\000t\000a\000l\0002\0000\0001\0007}{subsection.7.1}% 36
\BOOKMARK [3][-]{subsubsection.7.1.7}{\376\377\000C\000o\000n\000v\000o\000l\000u\000t\000i\000o\000n\000a\000l\000\040\000e\000q\000u\000i\000v\000a\000l\000e\000n\000t\000\040\000l\000a\000y\000e\000r\000\040\000f\000o\000r\000\040\000g\000r\000a\000v\000i\000t\000y\000\040\000d\000a\000t\000a\000\040\000t\000a\000k\000a\000h\000a\000s\000h\000i\0002\0000\0002\0000}{subsection.7.1}% 37
\BOOKMARK [3][-]{subsubsection.7.1.8}{\376\377\000C\000o\000n\000v\000o\000l\000u\000t\000i\000o\000n\000a\000l\000\040\000e\000q\000u\000i\000v\000a\000l\000e\000n\000t\000\040\000l\000a\000y\000e\000r\000\040\000f\000o\000r\000\040\000m\000a\000g\000n\000e\000t\000i\000c\000\040\000d\000a\000t\000a\000\040\000t\000a\000k\000a\000h\000a\000s\000h\000i\0002\0000\0002\0002}{subsection.7.1}% 38
\BOOKMARK [3][-]{subsubsection.7.1.9}{\376\377\000D\000e\000c\000o\000n\000v\000o\000l\000u\000t\000i\000o\000n\000a\000l\000\040\000m\000e\000t\000h\000o\000d}{subsection.7.1}% 39
\BOOKMARK [1][-]{section.8}{\376\377\000S\000y\000n\000t\000h\000e\000t\000i\000c\000\040\000d\000a\000t\000a\000\040\000s\000i\000m\000u\000l\000a\000t\000i\000o\000n\000s}{}% 40
\BOOKMARK [2][-]{subsection.8.1}{\376\377\000S\000t\000a\000b\000i\000l\000i\000t\000y\000\040\000a\000n\000a\000l\000y\000s\000i\000s}{section.8}% 41
\BOOKMARK [1][-]{section.9}{\376\377\000R\000e\000a\000l\000\040\000d\000a\000t\000a\000\040\000r\000e\000s\000u\000l\000t\000s}{}% 42
\BOOKMARK [2][-]{subsection.9.1}{\376\377\000G\000e\000o\000l\000o\000g\000i\000c\000a\000l\000\040\000s\000e\000t\000t\000i\000n\000g}{section.9}% 43
\BOOKMARK [2][-]{subsection.9.2}{\376\377\000P\000o\000t\000e\000n\000t\000i\000a\000l\000\040\000f\000i\000e\000l\000d\000\040\000d\000a\000t\000a\000\040\000a\000p\000p\000l\000i\000c\000a\000t\000i\000o\000n\000s}{section.9}% 44
\BOOKMARK [1][-]{section.10}{\376\377\000D\000i\000s\000c\000u\000s\000s\000i\000o\000n\000\040\000a\000n\000d\000\040\000c\000o\000n\000c\000l\000u\000s\000i\000o\000n}{}% 45
\BOOKMARK [1][-]{section.11}{\376\377\000S\000u\000p\000p\000l\000e\000m\000e\000n\000t\000a\000r\000y\000\040\000T\000a\000b\000l\000e\000s\000\040\000a\000n\000d\000\040\000F\000i\000g\000u\000r\000e\000s}{}% 46
\BOOKMARK [2][-]{subsection.11.1}{\376\377\000F\000i\000g\000u\000r\000e\000s}{section.11}% 47
